Using pre-set license
Built from '2020.3/staging' branch; Version is '2020.3.8f1 (507919d4fff5) revision 5273881'; Using compiler version '192528614'; Build Type 'Release'
OS: 'Windows 10 Home; OS build 19041.1083; Version 2004; 64bit' Language: 'ja' Physical Memory: 8118 MB
BatchMode: 1, IsHumanControllingUs: 0, StartBugReporterOnCrash: 0, Is64bit: 1, IsPro: 0

 COMMAND LINE ARGUMENTS:
C:\Program Files\Unity\Hub\Editor\2020.3.8f1\Editor\Unity.exe
-adb2
-batchMode
-noUpm
-name
AssetImportWorker0
-projectPath
C:/Users/nina/Documents/GitHub/GitHub-CookingWith
-logFile
Logs/AssetImportWorker0.log
-srvPort
57099
Successfully changed project path to: C:/Users/nina/Documents/GitHub/GitHub-CookingWith
C:/Users/nina/Documents/GitHub/GitHub-CookingWith
Using Asset Import Pipeline V2.
Refreshing native plugins compatible for Editor in 128.86 ms, found 1 plugins.
Preloading 0 native plugins for Editor in 0.00 ms.
Initialize engine version: 2020.3.8f1 (507919d4fff5)
[Subsystems] Discovering subsystems at path C:/Program Files/Unity/Hub/Editor/2020.3.8f1/Editor/Data/Resources/UnitySubsystems
[Subsystems] Discovering subsystems at path C:/Users/nina/Documents/GitHub/GitHub-CookingWith/Assets
GfxDevice: creating device client; threaded=0
Direct3D:
    Version:  Direct3D 11.0 [level 11.1]
    Renderer: Intel(R) UHD Graphics 620 (ID=0x5917)
    Vendor:   
    VRAM:     4059 MB
    Driver:   27.20.100.9416
Initialize mono
Mono path[0] = 'C:/Program Files/Unity/Hub/Editor/2020.3.8f1/Editor/Data/Managed'
Mono path[1] = 'C:/Program Files/Unity/Hub/Editor/2020.3.8f1/Editor/Data/MonoBleedingEdge/lib/mono/unityjit'
Mono config path = 'C:/Program Files/Unity/Hub/Editor/2020.3.8f1/Editor/Data/MonoBleedingEdge/etc'
Using monoOptions --debugger-agent=transport=dt_socket,embedding=1,server=y,suspend=n,address=127.0.0.1:56404
Begin MonoManager ReloadAssembly
Registering precompiled unity dll's ...
Register platform support module: C:/Program Files/Unity/Hub/Editor/2020.3.8f1/Editor/Data/PlaybackEngines/WindowsStandaloneSupport/UnityEditor.WindowsStandalone.Extensions.dll
Registered in 0.005585 seconds.
Native extension for WindowsStandalone target not found
Refreshing native plugins compatible for Editor in 116.63 ms, found 1 plugins.
Preloading 0 native plugins for Editor in 0.00 ms.
Mono: successfully reloaded assembly
- Completed reload, in  7.525 seconds
Platform modules already initialized, skipping
Registering precompiled user dll's ...
Registered in 0.003898 seconds.
Begin MonoManager ReloadAssembly
Native extension for WindowsStandalone target not found
Refreshing native plugins compatible for Editor in 70.85 ms, found 1 plugins.
Preloading 0 native plugins for Editor in 0.00 ms.
Mono: successfully reloaded assembly
- Completed reload, in  3.851 seconds
Platform modules already initialized, skipping
========================================================================
Worker process is ready to serve import requests
Launched and connected shader compiler UnityShaderCompiler.exe after 0.14 seconds
Refreshing native plugins compatible for Editor in 0.81 ms, found 1 plugins.
Preloading 0 native plugins for Editor in 0.00 ms.
Unloading 1814 Unused Serialized files (Serialized files now loaded: 0)
System memory in use before: 87.7 MB.
System memory in use after: 87.8 MB.

Unloading 19 unused Assets to reduce memory usage. Loaded Objects now: 2263.
Total: 4.519000 ms (FindLiveObjects: 0.400200 ms CreateObjectMapping: 0.169200 ms MarkObjects: 3.821500 ms  DeleteObjects: 0.126000 ms)

========================================================================
Received Import Request.
  path: Assets/Scripts/InputFieldManager.cs
  artifactKey: Guid(c8378f7344794e841a69baaf5667d95d) Importer(815301076,1909f56bfc062723c751e8b465ee728b)
Start importing Assets/Scripts/InputFieldManager.cs using Guid(c8378f7344794e841a69baaf5667d95d) Importer(815301076,1909f56bfc062723c751e8b465ee728b)  -> (artifact id: 'cafecd1a1a42ec4a4d5d3875c60a0a46') in 0.086357 seconds
  Import took 0.092377 seconds .

========================================================================
Received Prepare
Registering precompiled user dll's ...
Registered in 0.003826 seconds.
Begin MonoManager ReloadAssembly
Native extension for WindowsStandalone target not found
Refreshing native plugins compatible for Editor in 0.80 ms, found 1 plugins.
Preloading 0 native plugins for Editor in 0.00 ms.
Mono: successfully reloaded assembly
- Completed reload, in  3.201 seconds
Platform modules already initialized, skipping
Refreshing native plugins compatible for Editor in 1.07 ms, found 1 plugins.
Preloading 0 native plugins for Editor in 0.00 ms.
Unloading 1804 Unused Serialized files (Serialized files now loaded: 0)
System memory in use before: 87.2 MB.
System memory in use after: 87.3 MB.

Unloading 7 unused Assets to reduce memory usage. Loaded Objects now: 2267.
Total: 7.191700 ms (FindLiveObjects: 0.729500 ms CreateObjectMapping: 0.238800 ms MarkObjects: 6.165200 ms  DeleteObjects: 0.053200 ms)

========================================================================
Received Import Request.
  Time since last request: 111.486673 seconds.
  path: Assets/Scripts/InputFieldManager.cs
  artifactKey: Guid(c8378f7344794e841a69baaf5667d95d) Importer(815301076,1909f56bfc062723c751e8b465ee728b)
Start importing Assets/Scripts/InputFieldManager.cs using Guid(c8378f7344794e841a69baaf5667d95d) Importer(815301076,1909f56bfc062723c751e8b465ee728b)  -> (artifact id: '5ee0ac35862be87ee8a072afa60abdc2') in 0.038617 seconds
  Import took 0.049861 seconds .

========================================================================
Received Prepare
Registering precompiled user dll's ...
Registered in 0.002727 seconds.
Begin MonoManager ReloadAssembly
Native extension for WindowsStandalone target not found
Refreshing native plugins compatible for Editor in 0.74 ms, found 1 plugins.
Preloading 0 native plugins for Editor in 0.00 ms.
Mono: successfully reloaded assembly
- Completed reload, in  3.042 seconds
Platform modules already initialized, skipping
Refreshing native plugins compatible for Editor in 1.15 ms, found 1 plugins.
Preloading 0 native plugins for Editor in 0.00 ms.
Unloading 1804 Unused Serialized files (Serialized files now loaded: 0)
System memory in use before: 87.2 MB.
System memory in use after: 87.3 MB.

Unloading 7 unused Assets to reduce memory usage. Loaded Objects now: 2271.
Total: 6.674200 ms (FindLiveObjects: 0.521400 ms CreateObjectMapping: 0.257100 ms MarkObjects: 5.835000 ms  DeleteObjects: 0.056300 ms)

========================================================================
Received Prepare
Registering precompiled user dll's ...
Registered in 0.005435 seconds.
Begin MonoManager ReloadAssembly
Native extension for WindowsStandalone target not found
Refreshing native plugins compatible for Editor in 0.77 ms, found 1 plugins.
Preloading 0 native plugins for Editor in 0.00 ms.
Mono: successfully reloaded assembly
- Completed reload, in  3.108 seconds
Platform modules already initialized, skipping
Refreshing native plugins compatible for Editor in 1.09 ms, found 1 plugins.
Preloading 0 native plugins for Editor in 0.00 ms.
Unloading 1804 Unused Serialized files (Serialized files now loaded: 0)
System memory in use before: 87.3 MB.
System memory in use after: 87.4 MB.

Unloading 7 unused Assets to reduce memory usage. Loaded Objects now: 2275.
Total: 9.401800 ms (FindLiveObjects: 0.588500 ms CreateObjectMapping: 0.244400 ms MarkObjects: 8.484000 ms  DeleteObjects: 0.079500 ms)

========================================================================
Received Import Request.
  Time since last request: 627.289324 seconds.
  path: Assets/DiaryFile.csv
  artifactKey: Guid(49048d6a61fb0b74ea1dced7f04dfb45) Importer(815301076,1909f56bfc062723c751e8b465ee728b)
Start importing Assets/DiaryFile.csv using Guid(49048d6a61fb0b74ea1dced7f04dfb45) Importer(815301076,1909f56bfc062723c751e8b465ee728b)  -> (artifact id: '606672e78912c916f390232fc178cf02') in 0.100835 seconds
  Import took 0.118539 seconds .

========================================================================
Received Prepare
Registering precompiled user dll's ...
Registered in 0.003302 seconds.
Begin MonoManager ReloadAssembly
Native extension for WindowsStandalone target not found
Refreshing native plugins compatible for Editor in 0.97 ms, found 1 plugins.
Preloading 0 native plugins for Editor in 0.00 ms.
Mono: successfully reloaded assembly
- Completed reload, in  3.030 seconds
Platform modules already initialized, skipping
Refreshing native plugins compatible for Editor in 0.77 ms, found 1 plugins.
Preloading 0 native plugins for Editor in 0.00 ms.
Unloading 1804 Unused Serialized files (Serialized files now loaded: 0)
System memory in use before: 87.3 MB.
System memory in use after: 87.4 MB.

Unloading 7 unused Assets to reduce memory usage. Loaded Objects now: 2279.
Total: 6.515300 ms (FindLiveObjects: 0.522800 ms CreateObjectMapping: 0.196000 ms MarkObjects: 5.750400 ms  DeleteObjects: 0.043200 ms)

========================================================================
Received Import Request.
  Time since last request: 77.179089 seconds.
  path: Assets/DiaryFile.csv
  artifactKey: Guid(49048d6a61fb0b74ea1dced7f04dfb45) Importer(815301076,1909f56bfc062723c751e8b465ee728b)
Start importing Assets/DiaryFile.csv using Guid(49048d6a61fb0b74ea1dced7f04dfb45) Importer(815301076,1909f56bfc062723c751e8b465ee728b)  -> (artifact id: 'd094f279dba884a7035233c0a9ce09f4') in 0.025285 seconds
  Import took 0.035219 seconds .

========================================================================
Received Import Request.
  Time since last request: 0.019232 seconds.
  path: Assets/DiaryFile.csv
  artifactKey: Guid(49048d6a61fb0b74ea1dced7f04dfb45) Importer(815301076,1909f56bfc062723c751e8b465ee728b)
Start importing Assets/DiaryFile.csv using Guid(49048d6a61fb0b74ea1dced7f04dfb45) Importer(815301076,1909f56bfc062723c751e8b465ee728b)  -> (artifact id: 'd094f279dba884a7035233c0a9ce09f4') in 0.010099 seconds
  Import took 0.015703 seconds .

========================================================================
Received Prepare
Registering precompiled user dll's ...
Registered in 0.003058 seconds.
Begin MonoManager ReloadAssembly
Native extension for WindowsStandalone target not found
Refreshing native plugins compatible for Editor in 1.53 ms, found 1 plugins.
Preloading 0 native plugins for Editor in 0.00 ms.
Mono: successfully reloaded assembly
- Completed reload, in  3.329 seconds
Platform modules already initialized, skipping
Refreshing native plugins compatible for Editor in 1.06 ms, found 1 plugins.
Preloading 0 native plugins for Editor in 0.00 ms.
Unloading 1804 Unused Serialized files (Serialized files now loaded: 0)
System memory in use before: 87.3 MB.
System memory in use after: 87.4 MB.

Unloading 7 unused Assets to reduce memory usage. Loaded Objects now: 2283.
Total: 4.067200 ms (FindLiveObjects: 0.316000 ms CreateObjectMapping: 0.093200 ms MarkObjects: 3.623200 ms  DeleteObjects: 0.033100 ms)

========================================================================
Received Prepare
Registering precompiled user dll's ...
Registered in 0.005069 seconds.
Begin MonoManager ReloadAssembly
Native extension for WindowsStandalone target not found
Refreshing native plugins compatible for Editor in 0.99 ms, found 1 plugins.
Preloading 0 native plugins for Editor in 0.00 ms.
Mono: successfully reloaded assembly
- Completed reload, in  4.293 seconds
Platform modules already initialized, skipping
Refreshing native plugins compatible for Editor in 1.38 ms, found 1 plugins.
Preloading 0 native plugins for Editor in 0.00 ms.
Unloading 1804 Unused Serialized files (Serialized files now loaded: 0)
System memory in use before: 87.3 MB.
System memory in use after: 87.4 MB.

Unloading 7 unused Assets to reduce memory usage. Loaded Objects now: 2287.
Total: 6.863700 ms (FindLiveObjects: 0.551900 ms CreateObjectMapping: 0.256300 ms MarkObjects: 5.996600 ms  DeleteObjects: 0.055600 ms)

========================================================================
Received Prepare
Registering precompiled user dll's ...
Registered in 0.010323 seconds.
Begin MonoManager ReloadAssembly
Native extension for WindowsStandalone target not found
Refreshing native plugins compatible for Editor in 1.27 ms, found 1 plugins.
Preloading 0 native plugins for Editor in 0.00 ms.
Mono: successfully reloaded assembly
- Completed reload, in  3.199 seconds
Platform modules already initialized, skipping
Refreshing native plugins compatible for Editor in 1.08 ms, found 1 plugins.
Preloading 0 native plugins for Editor in 0.00 ms.
Unloading 1804 Unused Serialized files (Serialized files now loaded: 0)
System memory in use before: 87.3 MB.
System memory in use after: 87.4 MB.

Unloading 7 unused Assets to reduce memory usage. Loaded Objects now: 2291.
Total: 7.945300 ms (FindLiveObjects: 0.841200 ms CreateObjectMapping: 0.409300 ms MarkObjects: 6.624800 ms  DeleteObjects: 0.065100 ms)

