Using pre-set license
Built from '2020.3/staging' branch; Version is '2020.3.8f1 (507919d4fff5) revision 5273881'; Using compiler version '192528614'; Build Type 'Release'
OS: 'Windows 10 Home; OS build 19042.985; Version 2009; 64bit' Language: 'ja' Physical Memory: 8118 MB
BatchMode: 1, IsHumanControllingUs: 0, StartBugReporterOnCrash: 0, Is64bit: 1, IsPro: 0

 COMMAND LINE ARGUMENTS:
C:\Program Files\Unity\Hub\Editor\2020.3.8f1\Editor\Unity.exe
-adb2
-batchMode
-noUpm
-name
AssetImportWorker0
-projectPath
C:/Users/ikko/Desktop/GitHub-CookingWith
-logFile
Logs/AssetImportWorker0.log
-srvPort
49441
Successfully changed project path to: C:/Users/ikko/Desktop/GitHub-CookingWith
C:/Users/ikko/Desktop/GitHub-CookingWith
Using Asset Import Pipeline V2.
Refreshing native plugins compatible for Editor in 74.31 ms, found 1 plugins.
Preloading 0 native plugins for Editor in 0.00 ms.
Initialize engine version: 2020.3.8f1 (507919d4fff5)
[Subsystems] Discovering subsystems at path C:/Program Files/Unity/Hub/Editor/2020.3.8f1/Editor/Data/Resources/UnitySubsystems
[Subsystems] Discovering subsystems at path C:/Users/ikko/Desktop/GitHub-CookingWith/Assets
GfxDevice: creating device client; threaded=0
Direct3D:
    Version:  Direct3D 11.0 [level 11.1]
    Renderer: Intel(R) UHD Graphics 620 (ID=0x5917)
    Vendor:   
    VRAM:     4059 MB
    Driver:   27.20.100.9171
Initialize mono
Mono path[0] = 'C:/Program Files/Unity/Hub/Editor/2020.3.8f1/Editor/Data/Managed'
Mono path[1] = 'C:/Program Files/Unity/Hub/Editor/2020.3.8f1/Editor/Data/MonoBleedingEdge/lib/mono/unityjit'
Mono config path = 'C:/Program Files/Unity/Hub/Editor/2020.3.8f1/Editor/Data/MonoBleedingEdge/etc'
Using monoOptions --debugger-agent=transport=dt_socket,embedding=1,server=y,suspend=n,address=127.0.0.1:56208
Begin MonoManager ReloadAssembly
Registering precompiled unity dll's ...
Register platform support module: C:/Program Files/Unity/Hub/Editor/2020.3.8f1/Editor/Data/PlaybackEngines/WebGLSupport/UnityEditor.WebGL.Extensions.dll
Register platform support module: C:/Program Files/Unity/Hub/Editor/2020.3.8f1/Editor/Data/PlaybackEngines/WindowsStandaloneSupport/UnityEditor.WindowsStandalone.Extensions.dll
Registered in 0.005735 seconds.
Native extension for WindowsStandalone target not found
Native extension for WebGL target not found
Refreshing native plugins compatible for Editor in 45.49 ms, found 1 plugins.
Preloading 0 native plugins for Editor in 0.00 ms.
Mono: successfully reloaded assembly
- Completed reload, in  3.043 seconds
Platform modules already initialized, skipping
Registering precompiled user dll's ...
Registered in 0.002635 seconds.
Begin MonoManager ReloadAssembly
Native extension for WindowsStandalone target not found
Native extension for WebGL target not found
Refreshing native plugins compatible for Editor in 40.59 ms, found 1 plugins.
Preloading 0 native plugins for Editor in 0.00 ms.
Mono: successfully reloaded assembly
- Completed reload, in  1.239 seconds
Platform modules already initialized, skipping
========================================================================
Worker process is ready to serve import requests
Launched and connected shader compiler UnityShaderCompiler.exe after 0.09 seconds
Refreshing native plugins compatible for Editor in 0.58 ms, found 1 plugins.
Preloading 0 native plugins for Editor in 0.00 ms.
Unloading 1809 Unused Serialized files (Serialized files now loaded: 0)
System memory in use before: 87.6 MB.
System memory in use after: 87.5 MB.

Unloading 24 unused Assets to reduce memory usage. Loaded Objects now: 2250.
Total: 2.984900 ms (FindLiveObjects: 0.240100 ms CreateObjectMapping: 0.076500 ms MarkObjects: 2.507500 ms  DeleteObjects: 0.159000 ms)

========================================================================
Received Import Request.
  path: Assets
  artifactKey: Guid(00000000000000001000000000000000) Importer(815301076,1909f56bfc062723c751e8b465ee728b)
Start importing Assets using Guid(00000000000000001000000000000000) Importer(815301076,1909f56bfc062723c751e8b465ee728b)  -> (artifact id: '42d402b061de3733987d63b9cc3b64de') in 0.014325 seconds
  Import took 0.019069 seconds .

========================================================================
Received Import Request.
  Time since last request: 0.000279 seconds.
  path: Assets/Resources
  artifactKey: Guid(902a52db87251f3478962b101bdebe10) Importer(815301076,1909f56bfc062723c751e8b465ee728b)
Start importing Assets/Resources using Guid(902a52db87251f3478962b101bdebe10) Importer(815301076,1909f56bfc062723c751e8b465ee728b)  -> (artifact id: '50791b770a6ba47d2314e47f53efd8bf') in 0.008738 seconds
  Import took 0.012882 seconds .

========================================================================
Received Import Request.
  Time since last request: 6.801042 seconds.
  path: Assets/Scripts
  artifactKey: Guid(41eff0909b3bb0c409a8318022cd2dd9) Importer(815301076,1909f56bfc062723c751e8b465ee728b)
Start importing Assets/Scripts using Guid(41eff0909b3bb0c409a8318022cd2dd9) Importer(815301076,1909f56bfc062723c751e8b465ee728b)  -> (artifact id: 'c958e07b9200bf8050763ffa5b1c0dfe') in 0.012911 seconds
  Import took 0.017151 seconds .

========================================================================
Received Import Request.
  Time since last request: 160.897325 seconds.
  path: Assets/Scenes
  artifactKey: Guid(2b3817d0c81607e42ada7153da329207) Importer(815301076,1909f56bfc062723c751e8b465ee728b)
Start importing Assets/Scenes using Guid(2b3817d0c81607e42ada7153da329207) Importer(815301076,1909f56bfc062723c751e8b465ee728b)  -> (artifact id: '719b0093320a08986ed1698d553d328e') in 0.014010 seconds
  Import took 0.019146 seconds .

========================================================================
Received Import Request.
  Time since last request: 11.672955 seconds.
  path: Assets/Scenes/TitleScene.unity
  artifactKey: Guid(418f3f66d2fde684ea533ea40f5e9b8a) Importer(815301076,1909f56bfc062723c751e8b465ee728b)
Start importing Assets/Scenes/TitleScene.unity using Guid(418f3f66d2fde684ea533ea40f5e9b8a) Importer(815301076,1909f56bfc062723c751e8b465ee728b)  -> (artifact id: '72b7239c918780e21226cb3c1560607e') in 0.025375 seconds
  Import took 0.029440 seconds .

========================================================================
Received Import Request.
  Time since last request: 740.520247 seconds.
  path: Assets/Scenes/SampleScene.unity
  artifactKey: Guid(2cda990e2423bbf4892e6590ba056729) Importer(815301076,1909f56bfc062723c751e8b465ee728b)
Start importing Assets/Scenes/SampleScene.unity using Guid(2cda990e2423bbf4892e6590ba056729) Importer(815301076,1909f56bfc062723c751e8b465ee728b)  -> (artifact id: 'aa27944bdea339c97c39027c7eea529c') in 0.014420 seconds
  Import took 0.029106 seconds .

========================================================================
Received Import Request.
  Time since last request: 3.253666 seconds.
  path: Assets/Scenes/TitleScene.unity
  artifactKey: Guid(418f3f66d2fde684ea533ea40f5e9b8a) Importer(815301076,1909f56bfc062723c751e8b465ee728b)
Start importing Assets/Scenes/TitleScene.unity using Guid(418f3f66d2fde684ea533ea40f5e9b8a) Importer(815301076,1909f56bfc062723c751e8b465ee728b)  -> (artifact id: '463065748d9e77d71f0b52239d873753') in 0.005693 seconds
  Import took 0.009783 seconds .

========================================================================
Received Import Request.
  Time since last request: 26.141324 seconds.
  path: Assets/Scenes/GoalScene.unity
  artifactKey: Guid(e738e5863a2b5a143ae901fe275fb05e) Importer(815301076,1909f56bfc062723c751e8b465ee728b)
Start importing Assets/Scenes/GoalScene.unity using Guid(e738e5863a2b5a143ae901fe275fb05e) Importer(815301076,1909f56bfc062723c751e8b465ee728b)  -> (artifact id: '21174b212f9bebe0e1274afab0627b99') in 0.015011 seconds
  Import took 0.019943 seconds .

========================================================================
Received Import Request.
  Time since last request: 1.656585 seconds.
  path: Assets/Scenes/SampleScene.unity
  artifactKey: Guid(2cda990e2423bbf4892e6590ba056729) Importer(815301076,1909f56bfc062723c751e8b465ee728b)
Start importing Assets/Scenes/SampleScene.unity using Guid(2cda990e2423bbf4892e6590ba056729) Importer(815301076,1909f56bfc062723c751e8b465ee728b)  -> (artifact id: 'b9fa0b607c43d12d5d8081a89de6beb5') in 0.008355 seconds
  Import took 0.016661 seconds .

========================================================================
Received Import Request.
  Time since last request: 30.208514 seconds.
  path: Assets/Scenes/GoalScene.unity
  artifactKey: Guid(e738e5863a2b5a143ae901fe275fb05e) Importer(815301076,1909f56bfc062723c751e8b465ee728b)
Start importing Assets/Scenes/GoalScene.unity using Guid(e738e5863a2b5a143ae901fe275fb05e) Importer(815301076,1909f56bfc062723c751e8b465ee728b)  -> (artifact id: '4a7b22a206c55d8c0c7d4b6202384d2d') in 0.005303 seconds
  Import took 0.010558 seconds .

========================================================================
Received Import Request.
  Time since last request: 37.132914 seconds.
  path: Assets/Scenes/CookingScene.unity
  artifactKey: Guid(e32fd4aac28509649bdb04bd3e150b45) Importer(815301076,1909f56bfc062723c751e8b465ee728b)
Start importing Assets/Scenes/CookingScene.unity using Guid(e32fd4aac28509649bdb04bd3e150b45) Importer(815301076,1909f56bfc062723c751e8b465ee728b)  -> (artifact id: '11a104537868d42a72d70cef9e736aca') in 0.015223 seconds
  Import took 0.021361 seconds .

========================================================================
Received Import Request.
  Time since last request: 48.234338 seconds.
  path: Assets/Scenes/CharacterScene.unity
  artifactKey: Guid(0607078f57d1dea40b9e6827d10848f8) Importer(815301076,1909f56bfc062723c751e8b465ee728b)
Start importing Assets/Scenes/CharacterScene.unity using Guid(0607078f57d1dea40b9e6827d10848f8) Importer(815301076,1909f56bfc062723c751e8b465ee728b)  -> (artifact id: 'c73662d21f6d6d0f12f1a4424dab3941') in 0.014704 seconds
  Import took 0.019439 seconds .

========================================================================
Received Import Request.
  Time since last request: 32.489430 seconds.
  path: Assets/Scenes/FriendScene.unity
  artifactKey: Guid(4cf7444101e162045a73d19f557ed6a2) Importer(815301076,1909f56bfc062723c751e8b465ee728b)
Start importing Assets/Scenes/FriendScene.unity using Guid(4cf7444101e162045a73d19f557ed6a2) Importer(815301076,1909f56bfc062723c751e8b465ee728b)  -> (artifact id: '0c1339b2d806e763f7495a02186f7045') in 0.013807 seconds
  Import took 0.018925 seconds .

========================================================================
Received Import Request.
  Time since last request: 83.988679 seconds.
  path: Assets/Scripts/GoHomeButton.cs
  artifactKey: Guid(8ab695b4bdecbcd4fa57317a89396081) Importer(815301076,1909f56bfc062723c751e8b465ee728b)
Start importing Assets/Scripts/GoHomeButton.cs using Guid(8ab695b4bdecbcd4fa57317a89396081) Importer(815301076,1909f56bfc062723c751e8b465ee728b)  -> (artifact id: 'a98798fb69f31aa904a5058c9ddd1f42') in 0.044125 seconds
  Import took 0.048062 seconds .

========================================================================
Received Prepare
Registering precompiled user dll's ...
Registered in 0.001154 seconds.
Begin MonoManager ReloadAssembly
Native extension for WindowsStandalone target not found
Native extension for WebGL target not found
Refreshing native plugins compatible for Editor in 0.47 ms, found 1 plugins.
Preloading 0 native plugins for Editor in 0.00 ms.
Mono: successfully reloaded assembly
- Completed reload, in  1.322 seconds
Platform modules already initialized, skipping
Switching build target platform(5) subTarget(0) extendedPlatform(0) -> platform(13) subTarget(537395200) extendedPlatform(0)
Refreshing native plugins compatible for Editor in 0.43 ms, found 1 plugins.
Preloading 0 native plugins for Editor in 0.00 ms.
Unloading 1808 Unused Serialized files (Serialized files now loaded: 0)
System memory in use before: 87.6 MB.
System memory in use after: 87.6 MB.

Unloading 12 unused Assets to reduce memory usage. Loaded Objects now: 2255.
Total: 2.678200 ms (FindLiveObjects: 0.220400 ms CreateObjectMapping: 0.066900 ms MarkObjects: 2.030700 ms  DeleteObjects: 0.358700 ms)

AssetImportParameters requested are different than current active one (requested -> active):
  custom:graphics/normal-map-encoding: 01000000000000000000000000000000 -> 02000000000000000000000000000000
========================================================================
Received Import Request.
  Time since last request: 91.084379 seconds.
  path: Assets/Scripts/GoHomeButton.cs
  artifactKey: Guid(8ab695b4bdecbcd4fa57317a89396081) Importer(815301076,1909f56bfc062723c751e8b465ee728b)
Start importing Assets/Scripts/GoHomeButton.cs using Guid(8ab695b4bdecbcd4fa57317a89396081) Importer(815301076,1909f56bfc062723c751e8b465ee728b)  -> (artifact id: 'd13653e3e708d9a80c602cb87660bb4d') in 0.009148 seconds
  Import took 0.015229 seconds .

========================================================================
Received Prepare
Registering precompiled user dll's ...
Registered in 0.001739 seconds.
Begin MonoManager ReloadAssembly
Native extension for WindowsStandalone target not found
Native extension for WebGL target not found
Refreshing native plugins compatible for Editor in 0.42 ms, found 1 plugins.
Preloading 0 native plugins for Editor in 0.00 ms.
Mono: successfully reloaded assembly
- Completed reload, in  1.125 seconds
Platform modules already initialized, skipping
Switching build target platform(5) subTarget(0) extendedPlatform(0) -> platform(13) subTarget(537395200) extendedPlatform(0)
Refreshing native plugins compatible for Editor in 0.57 ms, found 1 plugins.
Preloading 0 native plugins for Editor in 0.00 ms.
Unloading 1808 Unused Serialized files (Serialized files now loaded: 0)
System memory in use before: 87.7 MB.
System memory in use after: 87.7 MB.

Unloading 12 unused Assets to reduce memory usage. Loaded Objects now: 2259.
Total: 3.026500 ms (FindLiveObjects: 0.421800 ms CreateObjectMapping: 0.082400 ms MarkObjects: 2.356000 ms  DeleteObjects: 0.165000 ms)

AssetImportParameters requested are different than current active one (requested -> active):
  custom:graphics/normal-map-encoding: 01000000000000000000000000000000 -> 02000000000000000000000000000000
========================================================================
Received Import Request.
  Time since last request: 32.612616 seconds.
  path: Assets/Scripts/GoHomeButton.cs
  artifactKey: Guid(8ab695b4bdecbcd4fa57317a89396081) Importer(815301076,1909f56bfc062723c751e8b465ee728b)
Start importing Assets/Scripts/GoHomeButton.cs using Guid(8ab695b4bdecbcd4fa57317a89396081) Importer(815301076,1909f56bfc062723c751e8b465ee728b)  -> (artifact id: '0d78075fd231dc2f69fa2db66086a4bc') in 0.006338 seconds
  Import took 0.010571 seconds .

========================================================================
Received Import Request.
  Time since last request: 29.849128 seconds.
  path: Assets/Scripts/GoalButton.cs
  artifactKey: Guid(657f6deb5319aea498d376add2924ad4) Importer(815301076,1909f56bfc062723c751e8b465ee728b)
Start importing Assets/Scripts/GoalButton.cs using Guid(657f6deb5319aea498d376add2924ad4) Importer(815301076,1909f56bfc062723c751e8b465ee728b)  -> (artifact id: 'ed96ab3d6f6815157103d623a2871e77') in 0.016291 seconds
  Import took 0.021792 seconds .

========================================================================
Received Prepare
Registering precompiled user dll's ...
Registered in 0.001150 seconds.
Begin MonoManager ReloadAssembly
Native extension for WindowsStandalone target not found
Native extension for WebGL target not found
Refreshing native plugins compatible for Editor in 0.67 ms, found 1 plugins.
Preloading 0 native plugins for Editor in 0.00 ms.
Mono: successfully reloaded assembly
- Completed reload, in  1.202 seconds
Platform modules already initialized, skipping
Switching build target platform(5) subTarget(0) extendedPlatform(0) -> platform(13) subTarget(537395200) extendedPlatform(0)
Refreshing native plugins compatible for Editor in 0.40 ms, found 1 plugins.
Preloading 0 native plugins for Editor in 0.00 ms.
Unloading 1809 Unused Serialized files (Serialized files now loaded: 0)
System memory in use before: 87.7 MB.
System memory in use after: 87.7 MB.

Unloading 12 unused Assets to reduce memory usage. Loaded Objects now: 2264.
Total: 2.738900 ms (FindLiveObjects: 0.211200 ms CreateObjectMapping: 0.073800 ms MarkObjects: 2.300000 ms  DeleteObjects: 0.152700 ms)

AssetImportParameters requested are different than current active one (requested -> active):
  custom:graphics/normal-map-encoding: 01000000000000000000000000000000 -> 02000000000000000000000000000000
========================================================================
Received Import Request.
  Time since last request: 15.200464 seconds.
  path: Assets/Scripts/CookingButton.cs
  artifactKey: Guid(70d42492a885ecf43aa2f4ddd2ed2d5f) Importer(815301076,1909f56bfc062723c751e8b465ee728b)
Start importing Assets/Scripts/CookingButton.cs using Guid(70d42492a885ecf43aa2f4ddd2ed2d5f) Importer(815301076,1909f56bfc062723c751e8b465ee728b)  -> (artifact id: '61737d75d6c1fe6bf8a7e26eadad6d2e') in 0.016915 seconds
  Import took 0.021689 seconds .

========================================================================
Received Prepare
Registering precompiled user dll's ...
Registered in 0.001137 seconds.
Begin MonoManager ReloadAssembly
Native extension for WindowsStandalone target not found
Native extension for WebGL target not found
Refreshing native plugins compatible for Editor in 0.46 ms, found 1 plugins.
Preloading 0 native plugins for Editor in 0.00 ms.
Mono: successfully reloaded assembly
- Completed reload, in  1.198 seconds
Platform modules already initialized, skipping
Switching build target platform(5) subTarget(0) extendedPlatform(0) -> platform(13) subTarget(537395200) extendedPlatform(0)
Refreshing native plugins compatible for Editor in 0.44 ms, found 1 plugins.
Preloading 0 native plugins for Editor in 0.00 ms.
Unloading 1810 Unused Serialized files (Serialized files now loaded: 0)
System memory in use before: 87.8 MB.
System memory in use after: 87.7 MB.

Unloading 12 unused Assets to reduce memory usage. Loaded Objects now: 2269.
Total: 2.489300 ms (FindLiveObjects: 0.214100 ms CreateObjectMapping: 0.062400 ms MarkObjects: 2.052500 ms  DeleteObjects: 0.159200 ms)

AssetImportParameters requested are different than current active one (requested -> active):
  custom:graphics/normal-map-encoding: 01000000000000000000000000000000 -> 02000000000000000000000000000000
========================================================================
Received Import Request.
  Time since last request: 23.846069 seconds.
  path: Assets/Scripts/CharacterButton.cs
  artifactKey: Guid(9026347ca8d31c542b028b7ca4711d79) Importer(815301076,1909f56bfc062723c751e8b465ee728b)
Start importing Assets/Scripts/CharacterButton.cs using Guid(9026347ca8d31c542b028b7ca4711d79) Importer(815301076,1909f56bfc062723c751e8b465ee728b)  -> (artifact id: '4fd5b950b2c3c94d4733f63e71f57c4b') in 0.017610 seconds
  Import took 0.022396 seconds .

========================================================================
Received Prepare
Registering precompiled user dll's ...
Registered in 0.001175 seconds.
Begin MonoManager ReloadAssembly
Native extension for WindowsStandalone target not found
Native extension for WebGL target not found
Refreshing native plugins compatible for Editor in 0.39 ms, found 1 plugins.
Preloading 0 native plugins for Editor in 0.00 ms.
Mono: successfully reloaded assembly
- Completed reload, in  1.058 seconds
Platform modules already initialized, skipping
Switching build target platform(5) subTarget(0) extendedPlatform(0) -> platform(13) subTarget(537395200) extendedPlatform(0)
Refreshing native plugins compatible for Editor in 0.55 ms, found 1 plugins.
Preloading 0 native plugins for Editor in 0.00 ms.
Unloading 1811 Unused Serialized files (Serialized files now loaded: 0)
System memory in use before: 87.8 MB.
System memory in use after: 87.8 MB.

Unloading 12 unused Assets to reduce memory usage. Loaded Objects now: 2274.
Total: 2.899800 ms (FindLiveObjects: 0.205500 ms CreateObjectMapping: 0.069900 ms MarkObjects: 2.502800 ms  DeleteObjects: 0.119700 ms)

AssetImportParameters requested are different than current active one (requested -> active):
  custom:graphics/normal-map-encoding: 01000000000000000000000000000000 -> 02000000000000000000000000000000
========================================================================
Received Import Request.
  Time since last request: 36.387986 seconds.
  path: Assets/Scripts/FriendButton.cs
  artifactKey: Guid(20d8f245d58b63e4499d755bddcab45e) Importer(815301076,1909f56bfc062723c751e8b465ee728b)
Start importing Assets/Scripts/FriendButton.cs using Guid(20d8f245d58b63e4499d755bddcab45e) Importer(815301076,1909f56bfc062723c751e8b465ee728b)  -> (artifact id: 'e893e7a0875a3192c71b2b74be896632') in 0.017224 seconds
  Import took 0.022769 seconds .

========================================================================
Received Prepare
Registering precompiled user dll's ...
Registered in 0.001131 seconds.
Begin MonoManager ReloadAssembly
Native extension for WindowsStandalone target not found
Native extension for WebGL target not found
Refreshing native plugins compatible for Editor in 0.49 ms, found 1 plugins.
Preloading 0 native plugins for Editor in 0.00 ms.
Mono: successfully reloaded assembly
- Completed reload, in  1.187 seconds
Platform modules already initialized, skipping
Switching build target platform(5) subTarget(0) extendedPlatform(0) -> platform(13) subTarget(537395200) extendedPlatform(0)
Refreshing native plugins compatible for Editor in 0.39 ms, found 1 plugins.
Preloading 0 native plugins for Editor in 0.00 ms.
Unloading 1812 Unused Serialized files (Serialized files now loaded: 0)
System memory in use before: 87.8 MB.
System memory in use after: 87.8 MB.

Unloading 12 unused Assets to reduce memory usage. Loaded Objects now: 2279.
Total: 2.913800 ms (FindLiveObjects: 0.212600 ms CreateObjectMapping: 0.058600 ms MarkObjects: 2.479200 ms  DeleteObjects: 0.162200 ms)

AssetImportParameters requested are different than current active one (requested -> active):
  custom:graphics/normal-map-encoding: 01000000000000000000000000000000 -> 02000000000000000000000000000000
========================================================================
Received Prepare
Registering precompiled user dll's ...
Registered in 0.001137 seconds.
Begin MonoManager ReloadAssembly
Native extension for WindowsStandalone target not found
Native extension for WebGL target not found
Refreshing native plugins compatible for Editor in 0.69 ms, found 1 plugins.
Preloading 0 native plugins for Editor in 0.00 ms.
Mono: successfully reloaded assembly
- Completed reload, in  1.098 seconds
Platform modules already initialized, skipping
Switching build target platform(5) subTarget(0) extendedPlatform(0) -> platform(13) subTarget(537395200) extendedPlatform(0)
Refreshing native plugins compatible for Editor in 0.44 ms, found 1 plugins.
Preloading 0 native plugins for Editor in 0.00 ms.
Unloading 1812 Unused Serialized files (Serialized files now loaded: 0)
System memory in use before: 87.8 MB.
System memory in use after: 87.8 MB.

Unloading 12 unused Assets to reduce memory usage. Loaded Objects now: 2283.
Total: 2.919400 ms (FindLiveObjects: 0.304400 ms CreateObjectMapping: 0.080600 ms MarkObjects: 2.368100 ms  DeleteObjects: 0.165100 ms)

AssetImportParameters requested are different than current active one (requested -> active):
  custom:graphics/normal-map-encoding: 01000000000000000000000000000000 -> 02000000000000000000000000000000
========================================================================
Received Import Request.
  Time since last request: 171.061006 seconds.
  path: Assets/Scripts/FriendButton.cs
  artifactKey: Guid(20d8f245d58b63e4499d755bddcab45e) Importer(815301076,1909f56bfc062723c751e8b465ee728b)
Start importing Assets/Scripts/FriendButton.cs using Guid(20d8f245d58b63e4499d755bddcab45e) Importer(815301076,1909f56bfc062723c751e8b465ee728b)  -> (artifact id: '193dc365e2b962f1ad5abd21d2d8fb9f') in 0.006438 seconds
  Import took 0.014746 seconds .

========================================================================
Received Import Request.
  Time since last request: 20.627646 seconds.
  path: Assets/Scripts/GoHomeButton.cs
  artifactKey: Guid(8ab695b4bdecbcd4fa57317a89396081) Importer(815301076,1909f56bfc062723c751e8b465ee728b)
Start importing Assets/Scripts/GoHomeButton.cs using Guid(8ab695b4bdecbcd4fa57317a89396081) Importer(815301076,1909f56bfc062723c751e8b465ee728b)  -> (artifact id: '75fb4a8baf1dc3b74ec5266b55ec3edd') in 0.004606 seconds
  Import took 0.009655 seconds .

========================================================================
Received Import Request.
  Time since last request: 9.047984 seconds.
  path: Assets/Scripts/CharacterButton.cs
  artifactKey: Guid(9026347ca8d31c542b028b7ca4711d79) Importer(815301076,1909f56bfc062723c751e8b465ee728b)
Start importing Assets/Scripts/CharacterButton.cs using Guid(9026347ca8d31c542b028b7ca4711d79) Importer(815301076,1909f56bfc062723c751e8b465ee728b)  -> (artifact id: '4ef7e8de7988eaf39762ea4d77c46aea') in 0.004585 seconds
  Import took 0.009428 seconds .

========================================================================
Received Prepare
Registering precompiled user dll's ...
Registered in 0.001360 seconds.
Begin MonoManager ReloadAssembly
Native extension for WindowsStandalone target not found
Native extension for WebGL target not found
Refreshing native plugins compatible for Editor in 0.39 ms, found 1 plugins.
Preloading 0 native plugins for Editor in 0.00 ms.
Mono: successfully reloaded assembly
- Completed reload, in  1.328 seconds
Platform modules already initialized, skipping
Switching build target platform(5) subTarget(0) extendedPlatform(0) -> platform(13) subTarget(537395200) extendedPlatform(0)
Refreshing native plugins compatible for Editor in 0.44 ms, found 1 plugins.
Preloading 0 native plugins for Editor in 0.00 ms.
Unloading 1811 Unused Serialized files (Serialized files now loaded: 0)
System memory in use before: 87.8 MB.
System memory in use after: 87.8 MB.

Unloading 13 unused Assets to reduce memory usage. Loaded Objects now: 2286.
Total: 2.662200 ms (FindLiveObjects: 0.214800 ms CreateObjectMapping: 0.056300 ms MarkObjects: 2.231500 ms  DeleteObjects: 0.158500 ms)

AssetImportParameters requested are different than current active one (requested -> active):
  custom:graphics/normal-map-encoding: 01000000000000000000000000000000 -> 02000000000000000000000000000000
========================================================================
Received Import Request.
  Time since last request: 7.717400 seconds.
  path: Assets/Scripts/CookingButton.cs
  artifactKey: Guid(70d42492a885ecf43aa2f4ddd2ed2d5f) Importer(815301076,1909f56bfc062723c751e8b465ee728b)
Start importing Assets/Scripts/CookingButton.cs using Guid(70d42492a885ecf43aa2f4ddd2ed2d5f) Importer(815301076,1909f56bfc062723c751e8b465ee728b)  -> (artifact id: '16df3ce018c4aed21d037e426cde640a') in 0.005434 seconds
  Import took 0.009362 seconds .

========================================================================
Received Prepare
Registering precompiled user dll's ...
Registered in 0.001472 seconds.
Begin MonoManager ReloadAssembly
Native extension for WindowsStandalone target not found
Native extension for WebGL target not found
Refreshing native plugins compatible for Editor in 0.45 ms, found 1 plugins.
Preloading 0 native plugins for Editor in 0.00 ms.
Mono: successfully reloaded assembly
- Completed reload, in  1.075 seconds
Platform modules already initialized, skipping
Switching build target platform(5) subTarget(0) extendedPlatform(0) -> platform(13) subTarget(537395200) extendedPlatform(0)
Refreshing native plugins compatible for Editor in 0.43 ms, found 1 plugins.
Preloading 0 native plugins for Editor in 0.00 ms.
Unloading 1810 Unused Serialized files (Serialized files now loaded: 0)
System memory in use before: 87.8 MB.
System memory in use after: 87.8 MB.

Unloading 13 unused Assets to reduce memory usage. Loaded Objects now: 2289.
Total: 2.642700 ms (FindLiveObjects: 0.241500 ms CreateObjectMapping: 0.080500 ms MarkObjects: 2.144600 ms  DeleteObjects: 0.174900 ms)

AssetImportParameters requested are different than current active one (requested -> active):
  custom:graphics/normal-map-encoding: 01000000000000000000000000000000 -> 02000000000000000000000000000000
========================================================================
Received Prepare
Registering precompiled user dll's ...
Registered in 0.001305 seconds.
Begin MonoManager ReloadAssembly
Native extension for WindowsStandalone target not found
Native extension for WebGL target not found
Refreshing native plugins compatible for Editor in 0.65 ms, found 1 plugins.
Preloading 0 native plugins for Editor in 0.00 ms.
Mono: successfully reloaded assembly
- Completed reload, in  1.346 seconds
Platform modules already initialized, skipping
Switching build target platform(5) subTarget(0) extendedPlatform(0) -> platform(13) subTarget(537395200) extendedPlatform(0)
Refreshing native plugins compatible for Editor in 0.44 ms, found 1 plugins.
Preloading 0 native plugins for Editor in 0.00 ms.
Unloading 1809 Unused Serialized files (Serialized files now loaded: 0)
System memory in use before: 87.8 MB.
System memory in use after: 87.8 MB.

Unloading 13 unused Assets to reduce memory usage. Loaded Objects now: 2292.
Total: 2.524400 ms (FindLiveObjects: 0.264200 ms CreateObjectMapping: 0.077700 ms MarkObjects: 2.021400 ms  DeleteObjects: 0.159800 ms)

AssetImportParameters requested are different than current active one (requested -> active):
  custom:graphics/normal-map-encoding: 01000000000000000000000000000000 -> 02000000000000000000000000000000
========================================================================
Received Import Request.
  Time since last request: 15.851647 seconds.
  path: Assets/Scripts/GoalButton.cs
  artifactKey: Guid(657f6deb5319aea498d376add2924ad4) Importer(815301076,1909f56bfc062723c751e8b465ee728b)
Start importing Assets/Scripts/GoalButton.cs using Guid(657f6deb5319aea498d376add2924ad4) Importer(815301076,1909f56bfc062723c751e8b465ee728b)  -> (artifact id: '4024a51f8de706eb7a1d5f0a8fa38834') in 0.006464 seconds
  Import took 0.011448 seconds .

========================================================================
Received Prepare
Registering precompiled user dll's ...
Registered in 0.001265 seconds.
Begin MonoManager ReloadAssembly
Native extension for WindowsStandalone target not found
Native extension for WebGL target not found
Refreshing native plugins compatible for Editor in 0.71 ms, found 1 plugins.
Preloading 0 native plugins for Editor in 0.00 ms.
Mono: successfully reloaded assembly
- Completed reload, in  1.167 seconds
Platform modules already initialized, skipping
Switching build target platform(5) subTarget(0) extendedPlatform(0) -> platform(13) subTarget(537395200) extendedPlatform(0)
Refreshing native plugins compatible for Editor in 0.44 ms, found 1 plugins.
Preloading 0 native plugins for Editor in 0.00 ms.
Unloading 1808 Unused Serialized files (Serialized files now loaded: 0)
System memory in use before: 87.8 MB.
System memory in use after: 87.8 MB.

Unloading 13 unused Assets to reduce memory usage. Loaded Objects now: 2295.
Total: 2.705800 ms (FindLiveObjects: 0.289800 ms CreateObjectMapping: 0.063500 ms MarkObjects: 2.170100 ms  DeleteObjects: 0.181000 ms)

AssetImportParameters requested are different than current active one (requested -> active):
  custom:graphics/normal-map-encoding: 01000000000000000000000000000000 -> 02000000000000000000000000000000
========================================================================
Received Prepare
Registering precompiled user dll's ...
Registered in 0.001997 seconds.
Begin MonoManager ReloadAssembly
Native extension for WindowsStandalone target not found
Native extension for WebGL target not found
Refreshing native plugins compatible for Editor in 0.46 ms, found 1 plugins.
Preloading 0 native plugins for Editor in 0.00 ms.
Mono: successfully reloaded assembly
- Completed reload, in  1.138 seconds
Platform modules already initialized, skipping
Switching build target platform(5) subTarget(0) extendedPlatform(0) -> platform(13) subTarget(537395200) extendedPlatform(0)
Refreshing native plugins compatible for Editor in 0.43 ms, found 1 plugins.
Preloading 0 native plugins for Editor in 0.00 ms.
Unloading 1807 Unused Serialized files (Serialized files now loaded: 0)
System memory in use before: 87.8 MB.
System memory in use after: 87.8 MB.

Unloading 13 unused Assets to reduce memory usage. Loaded Objects now: 2298.
Total: 2.135500 ms (FindLiveObjects: 0.177300 ms CreateObjectMapping: 0.058800 ms MarkObjects: 1.741200 ms  DeleteObjects: 0.156800 ms)

AssetImportParameters requested are different than current active one (requested -> active):
  custom:graphics/normal-map-encoding: 01000000000000000000000000000000 -> 02000000000000000000000000000000
========================================================================
Received Prepare
Registering precompiled user dll's ...
Registered in 0.001118 seconds.
Begin MonoManager ReloadAssembly
Native extension for WindowsStandalone target not found
Native extension for WebGL target not found
Refreshing native plugins compatible for Editor in 0.58 ms, found 1 plugins.
Preloading 0 native plugins for Editor in 0.00 ms.
Mono: successfully reloaded assembly
- Completed reload, in  1.405 seconds
Platform modules already initialized, skipping
Switching build target platform(5) subTarget(0) extendedPlatform(0) -> platform(13) subTarget(537395200) extendedPlatform(0)
Refreshing native plugins compatible for Editor in 0.59 ms, found 1 plugins.
Preloading 0 native plugins for Editor in 0.00 ms.
Unloading 1808 Unused Serialized files (Serialized files now loaded: 0)
System memory in use before: 87.8 MB.
System memory in use after: 87.8 MB.

Unloading 12 unused Assets to reduce memory usage. Loaded Objects now: 2303.
Total: 4.170700 ms (FindLiveObjects: 0.230100 ms CreateObjectMapping: 0.063400 ms MarkObjects: 3.730100 ms  DeleteObjects: 0.145300 ms)

AssetImportParameters requested are different than current active one (requested -> active):
  custom:graphics/normal-map-encoding: 01000000000000000000000000000000 -> 02000000000000000000000000000000
========================================================================
Received Import Request.
  Time since last request: 36.630819 seconds.
  path: Assets/Scripts/ButtonManager.cs
  artifactKey: Guid(f5007ddb0113d0b4cac7c8b635dc8f6c) Importer(815301076,1909f56bfc062723c751e8b465ee728b)
Start importing Assets/Scripts/ButtonManager.cs using Guid(f5007ddb0113d0b4cac7c8b635dc8f6c) Importer(815301076,1909f56bfc062723c751e8b465ee728b)  -> (artifact id: 'a78646d921eef396fec7048bdfac8628') in 0.012487 seconds
  Import took 0.017730 seconds .

========================================================================
Received Prepare
Registering precompiled user dll's ...
Registered in 0.001178 seconds.
Begin MonoManager ReloadAssembly
Native extension for WindowsStandalone target not found
Native extension for WebGL target not found
Refreshing native plugins compatible for Editor in 0.39 ms, found 1 plugins.
Preloading 0 native plugins for Editor in 0.00 ms.
Mono: successfully reloaded assembly
- Completed reload, in  1.581 seconds
Platform modules already initialized, skipping
Switching build target platform(5) subTarget(0) extendedPlatform(0) -> platform(13) subTarget(537395200) extendedPlatform(0)
Refreshing native plugins compatible for Editor in 0.43 ms, found 1 plugins.
Preloading 0 native plugins for Editor in 0.00 ms.
Unloading 1808 Unused Serialized files (Serialized files now loaded: 0)
System memory in use before: 87.8 MB.
System memory in use after: 87.8 MB.

Unloading 12 unused Assets to reduce memory usage. Loaded Objects now: 2307.
Total: 2.173100 ms (FindLiveObjects: 0.290500 ms CreateObjectMapping: 0.061800 ms MarkObjects: 1.673200 ms  DeleteObjects: 0.146300 ms)

AssetImportParameters requested are different than current active one (requested -> active):
  custom:graphics/normal-map-encoding: 01000000000000000000000000000000 -> 02000000000000000000000000000000
========================================================================
Received Prepare
Registering precompiled user dll's ...
Registered in 0.001246 seconds.
Begin MonoManager ReloadAssembly
Native extension for WindowsStandalone target not found
Native extension for WebGL target not found
Refreshing native plugins compatible for Editor in 0.39 ms, found 1 plugins.
Preloading 0 native plugins for Editor in 0.00 ms.
Mono: successfully reloaded assembly
- Completed reload, in  1.179 seconds
Platform modules already initialized, skipping
Switching build target platform(5) subTarget(0) extendedPlatform(0) -> platform(13) subTarget(537395200) extendedPlatform(0)
Refreshing native plugins compatible for Editor in 0.38 ms, found 1 plugins.
Preloading 0 native plugins for Editor in 0.00 ms.
Unloading 1808 Unused Serialized files (Serialized files now loaded: 0)
System memory in use before: 87.8 MB.
System memory in use after: 87.8 MB.

Unloading 12 unused Assets to reduce memory usage. Loaded Objects now: 2311.
Total: 2.743000 ms (FindLiveObjects: 0.227900 ms CreateObjectMapping: 0.071600 ms MarkObjects: 2.126100 ms  DeleteObjects: 0.315800 ms)

AssetImportParameters requested are different than current active one (requested -> active):
  custom:graphics/normal-map-encoding: 01000000000000000000000000000000 -> 02000000000000000000000000000000
========================================================================
Received Import Request.
  Time since last request: 98.301867 seconds.
  path: Assets/Scripts/ButtonManager.cs
  artifactKey: Guid(f5007ddb0113d0b4cac7c8b635dc8f6c) Importer(815301076,1909f56bfc062723c751e8b465ee728b)
Start importing Assets/Scripts/ButtonManager.cs using Guid(f5007ddb0113d0b4cac7c8b635dc8f6c) Importer(815301076,1909f56bfc062723c751e8b465ee728b)  -> (artifact id: '76063131aca1ecacab3cf67f9d833192') in 0.006720 seconds
  Import took 0.010855 seconds .

========================================================================
Received Import Request.
  Time since last request: 336.763051 seconds.
  path: Assets/Scenes/CharacterScene.unity
  artifactKey: Guid(0607078f57d1dea40b9e6827d10848f8) Importer(815301076,1909f56bfc062723c751e8b465ee728b)
Start importing Assets/Scenes/CharacterScene.unity using Guid(0607078f57d1dea40b9e6827d10848f8) Importer(815301076,1909f56bfc062723c751e8b465ee728b)  -> (artifact id: '2e738ed8394ecd2689f2758a9d08480e') in 0.024894 seconds
  Import took 0.030719 seconds .

========================================================================
Received Import Request.
  Time since last request: 2.938593 seconds.
  path: Assets/Scenes/CookingScene.unity
  artifactKey: Guid(e32fd4aac28509649bdb04bd3e150b45) Importer(815301076,1909f56bfc062723c751e8b465ee728b)
Start importing Assets/Scenes/CookingScene.unity using Guid(e32fd4aac28509649bdb04bd3e150b45) Importer(815301076,1909f56bfc062723c751e8b465ee728b)  -> (artifact id: '159e277690265fe29a22aa9a1f4b4db9') in 0.004268 seconds
  Import took 0.009600 seconds .

========================================================================
Received Import Request.
  Time since last request: 2.940614 seconds.
  path: Assets/Scenes/FriendScene.unity
  artifactKey: Guid(4cf7444101e162045a73d19f557ed6a2) Importer(815301076,1909f56bfc062723c751e8b465ee728b)
Start importing Assets/Scenes/FriendScene.unity using Guid(4cf7444101e162045a73d19f557ed6a2) Importer(815301076,1909f56bfc062723c751e8b465ee728b)  -> (artifact id: '9ccf0169f474ae4fcd2229209f53cb33') in 0.005511 seconds
  Import took 0.012076 seconds .

========================================================================
Received Import Request.
  Time since last request: 2.962092 seconds.
  path: Assets/Scenes/GoalScene.unity
  artifactKey: Guid(e738e5863a2b5a143ae901fe275fb05e) Importer(815301076,1909f56bfc062723c751e8b465ee728b)
Start importing Assets/Scenes/GoalScene.unity using Guid(e738e5863a2b5a143ae901fe275fb05e) Importer(815301076,1909f56bfc062723c751e8b465ee728b)  -> (artifact id: 'efceaf7ec22a13e3058e28d5ca729569') in 0.028377 seconds
  Import took 0.047550 seconds .

========================================================================
Received Import Request.
  Time since last request: 4.862486 seconds.
  path: Assets/Scenes/TitleScene.unity
  artifactKey: Guid(418f3f66d2fde684ea533ea40f5e9b8a) Importer(815301076,1909f56bfc062723c751e8b465ee728b)
Start importing Assets/Scenes/TitleScene.unity using Guid(418f3f66d2fde684ea533ea40f5e9b8a) Importer(815301076,1909f56bfc062723c751e8b465ee728b)  -> (artifact id: 'e1feda867c4c352ba4180cf892b355fb') in 0.011023 seconds
  Import took 0.017896 seconds .

========================================================================
Received Import Request.
  Time since last request: 66.543223 seconds.
  path: Assets/Scenes/GoalScene.unity
  artifactKey: Guid(e738e5863a2b5a143ae901fe275fb05e) Importer(815301076,1909f56bfc062723c751e8b465ee728b)
Start importing Assets/Scenes/GoalScene.unity using Guid(e738e5863a2b5a143ae901fe275fb05e) Importer(815301076,1909f56bfc062723c751e8b465ee728b)  -> (artifact id: '065519127898652dc87858d6cd7925bd') in 0.005914 seconds
  Import took 0.013621 seconds .

========================================================================
Received Import Request.
  Time since last request: 51.816711 seconds.
  path: Assets/Scenes/FriendScene.unity
  artifactKey: Guid(4cf7444101e162045a73d19f557ed6a2) Importer(815301076,1909f56bfc062723c751e8b465ee728b)
Start importing Assets/Scenes/FriendScene.unity using Guid(4cf7444101e162045a73d19f557ed6a2) Importer(815301076,1909f56bfc062723c751e8b465ee728b)  -> (artifact id: '7b619f08b4ea49937f6c3e19cd628414') in 0.004784 seconds
  Import took 0.008493 seconds .

========================================================================
Received Import Request.
  Time since last request: 106.857583 seconds.
  path: Assets/Scenes/CookingScene.unity
  artifactKey: Guid(e32fd4aac28509649bdb04bd3e150b45) Importer(815301076,1909f56bfc062723c751e8b465ee728b)
Start importing Assets/Scenes/CookingScene.unity using Guid(e32fd4aac28509649bdb04bd3e150b45) Importer(815301076,1909f56bfc062723c751e8b465ee728b)  -> (artifact id: '3ecc9897e17b4a779dfaf64ffb0d7a8c') in 0.005517 seconds
  Import took 0.009517 seconds .

========================================================================
Received Import Request.
  Time since last request: 52.910407 seconds.
  path: Assets/Scenes/CharacterScene.unity
  artifactKey: Guid(0607078f57d1dea40b9e6827d10848f8) Importer(815301076,1909f56bfc062723c751e8b465ee728b)
Start importing Assets/Scenes/CharacterScene.unity using Guid(0607078f57d1dea40b9e6827d10848f8) Importer(815301076,1909f56bfc062723c751e8b465ee728b)  -> (artifact id: '058bd339f9fd891e6472ef73eca2dd37') in 0.004342 seconds
  Import took 0.009501 seconds .

========================================================================
Received Import Request.
  Time since last request: 49.160840 seconds.
  path: Assets/Scenes/TitleScene.unity
  artifactKey: Guid(418f3f66d2fde684ea533ea40f5e9b8a) Importer(815301076,1909f56bfc062723c751e8b465ee728b)
Start importing Assets/Scenes/TitleScene.unity using Guid(418f3f66d2fde684ea533ea40f5e9b8a) Importer(815301076,1909f56bfc062723c751e8b465ee728b)  -> (artifact id: 'd71d8ca354aeef9c12a2d994e0edbd73') in 0.004672 seconds
  Import took 0.011672 seconds .

========================================================================
Received Prepare
Registering precompiled user dll's ...
Registered in 0.001231 seconds.
Begin MonoManager ReloadAssembly
Native extension for WindowsStandalone target not found
Native extension for WebGL target not found
Refreshing native plugins compatible for Editor in 0.61 ms, found 1 plugins.
Preloading 0 native plugins for Editor in 0.00 ms.
Mono: successfully reloaded assembly
- Completed reload, in  1.775 seconds
Platform modules already initialized, skipping
Switching build target platform(5) subTarget(0) extendedPlatform(0) -> platform(13) subTarget(537395200) extendedPlatform(0)
Refreshing native plugins compatible for Editor in 0.46 ms, found 1 plugins.
Preloading 0 native plugins for Editor in 0.00 ms.
Unloading 1808 Unused Serialized files (Serialized files now loaded: 0)
System memory in use before: 87.9 MB.
System memory in use after: 87.9 MB.

Unloading 12 unused Assets to reduce memory usage. Loaded Objects now: 2315.
Total: 2.409300 ms (FindLiveObjects: 0.224600 ms CreateObjectMapping: 0.055100 ms MarkObjects: 1.968600 ms  DeleteObjects: 0.160000 ms)

AssetImportParameters requested are different than current active one (requested -> active):
  custom:graphics/normal-map-encoding: 01000000000000000000000000000000 -> 02000000000000000000000000000000
========================================================================
Received Prepare
Registering precompiled user dll's ...
Registered in 0.007855 seconds.
Begin MonoManager ReloadAssembly
Native extension for WindowsStandalone target not found
Native extension for WebGL target not found
Refreshing native plugins compatible for Editor in 0.48 ms, found 1 plugins.
Preloading 0 native plugins for Editor in 0.00 ms.
Mono: successfully reloaded assembly
- Completed reload, in  1.730 seconds
Platform modules already initialized, skipping
Switching build target platform(5) subTarget(0) extendedPlatform(0) -> platform(13) subTarget(537395200) extendedPlatform(0)
Refreshing native plugins compatible for Editor in 0.79 ms, found 1 plugins.
Preloading 0 native plugins for Editor in 0.00 ms.
Unloading 1808 Unused Serialized files (Serialized files now loaded: 0)
System memory in use before: 87.9 MB.
System memory in use after: 87.9 MB.

Unloading 12 unused Assets to reduce memory usage. Loaded Objects now: 2319.
Total: 3.776200 ms (FindLiveObjects: 0.365700 ms CreateObjectMapping: 0.073500 ms MarkObjects: 2.407200 ms  DeleteObjects: 0.928400 ms)

AssetImportParameters requested are different than current active one (requested -> active):
  custom:graphics/normal-map-encoding: 01000000000000000000000000000000 -> 02000000000000000000000000000000
========================================================================
Received Prepare
Registering precompiled user dll's ...
Registered in 0.001179 seconds.
Begin MonoManager ReloadAssembly
Native extension for WindowsStandalone target not found
Native extension for WebGL target not found
Refreshing native plugins compatible for Editor in 0.45 ms, found 1 plugins.
Preloading 0 native plugins for Editor in 0.00 ms.
Mono: successfully reloaded assembly
- Completed reload, in  1.295 seconds
Platform modules already initialized, skipping
Switching build target platform(5) subTarget(0) extendedPlatform(0) -> platform(13) subTarget(537395200) extendedPlatform(0)
Refreshing native plugins compatible for Editor in 0.39 ms, found 1 plugins.
Preloading 0 native plugins for Editor in 0.00 ms.
Unloading 1808 Unused Serialized files (Serialized files now loaded: 0)
System memory in use before: 87.9 MB.
System memory in use after: 87.9 MB.

Unloading 12 unused Assets to reduce memory usage. Loaded Objects now: 2323.
Total: 2.308800 ms (FindLiveObjects: 0.225600 ms CreateObjectMapping: 0.067300 ms MarkObjects: 1.856400 ms  DeleteObjects: 0.158500 ms)

AssetImportParameters requested are different than current active one (requested -> active):
  custom:graphics/normal-map-encoding: 01000000000000000000000000000000 -> 02000000000000000000000000000000
AssetImportWorkerClient::OnTransportError - code=2 error=End of file
